<?xml version="1.0" encoding="UTF-8"?>
<!-- Generated by org.testng.reporters.JUnitXMLReporter -->
<testsuite hostname="sumaiya" ignored="0" name="Test" tests="4" failures="0" timestamp="2021-03-25T15:43:15 EDT" time="33.662" errors="0">
  <testcase name="CLead" time="27.733" classname="com.JenkinsProject.test.Login_Release"/>
  <testcase name="CLead" time="30.412" classname="com.JenkinsProject.test.Login_Build"/>
  <testcase name="CLead" time="30.529" classname="com.JenkinsProject.test.Login_Deploy"/>
  <testcase name="CLead" time="33.585" classname="com.JenkinsProject.test.Login_Test"/>
</testsuite> <!-- Test -->
