<?xml version="1.0" encoding="UTF-8"?>
<!-- Generated by org.testng.reporters.JUnitXMLReporter -->
<testsuite hostname="sumaiya" ignored="0" name="Test" tests="4" failures="0" timestamp="2021-04-07T23:50:35 EDT" time="62.358" errors="0">
  <testcase name="CLead" time="61.046" classname="com.JenkinsProject.test.Login_Build"/>
  <testcase name="CLead" time="61.172" classname="com.JenkinsProject.test.Login_Deploy"/>
  <testcase name="CLead" time="61.594" classname="com.JenkinsProject.test.Login_Release"/>
  <testcase name="CLead" time="61.925" classname="com.JenkinsProject.test.Login_Test"/>
</testsuite> <!-- Test -->
